[INFO ][20240314 00:00:29,246][ExecutorConfigurationSupport:208] Shutting down ExecutorService 'applicationTaskExecutor'
[INFO ][20240314 00:00:29,254][DruidDataSource:1436] {dataSource-1} closed
[INFO ][20240314 00:03:14,507][Version:21] HV000001: Hibernate Validator 6.0.18.Final
[INFO ][20240314 00:03:14,729][StartupInfoLogger:55] Starting Application on LAPTOP-88SALMNL with PID 6812 (D:\Content\project\pmsdemo\target\classes started by lenovo in D:\Content\project\pmsdemo)
[INFO ][20240314 00:03:14,730][SpringApplication:651] No active profile set, falling back to default profiles: default
[INFO ][20240314 00:03:15,633][PostProcessorRegistrationDelegate$BeanPostProcessorChecker:330] Bean 'mybatisConfig' of type [com.jkoss.pmsdemo.config.mybatis.MybatisConfig$$EnhancerBySpringCGLIB$$ae3b4c91] is not eligible for getting processed by all BeanPostProcessors (for example: not eligible for auto-proxying)
[INFO ][20240314 00:03:15,658][PostProcessorRegistrationDelegate$BeanPostProcessorChecker:330] Bean 'validator' of type [org.hibernate.validator.internal.engine.ValidatorImpl] is not eligible for getting processed by all BeanPostProcessors (for example: not eligible for auto-proxying)
[INFO ][20240314 00:03:15,734][PostProcessorRegistrationDelegate$BeanPostProcessorChecker:330] Bean 'org.springframework.transaction.annotation.ProxyTransactionManagementConfiguration' of type [org.springframework.transaction.annotation.ProxyTransactionManagementConfiguration] is not eligible for getting processed by all BeanPostProcessors (for example: not eligible for auto-proxying)
[INFO ][20240314 00:03:16,600][PostProcessorRegistrationDelegate$BeanPostProcessorChecker:330] Bean 'mybatis-plus-com.baomidou.mybatisplus.spring.boot.starter.MybatisPlusProperties' of type [com.baomidou.mybatisplus.spring.boot.starter.MybatisPlusProperties] is not eligible for getting processed by all BeanPostProcessors (for example: not eligible for auto-proxying)
[INFO ][20240314 00:03:16,604][PostProcessorRegistrationDelegate$BeanPostProcessorChecker:330] Bean 'paginationInterceptor' of type [com.baomidou.mybatisplus.plugins.PaginationInterceptor] is not eligible for getting processed by all BeanPostProcessors (for example: not eligible for auto-proxying)
[INFO ][20240314 00:03:16,608][PostProcessorRegistrationDelegate$BeanPostProcessorChecker:330] Bean 'com.baomidou.mybatisplus.spring.boot.starter.MybatisPlusAutoConfiguration' of type [com.baomidou.mybatisplus.spring.boot.starter.MybatisPlusAutoConfiguration$$EnhancerBySpringCGLIB$$ec0aa219] is not eligible for getting processed by all BeanPostProcessors (for example: not eligible for auto-proxying)
[INFO ][20240314 00:03:16,652][PostProcessorRegistrationDelegate$BeanPostProcessorChecker:330] Bean 'druidDataSource' of type [com.alibaba.druid.pool.DruidDataSource] is not eligible for getting processed by all BeanPostProcessors (for example: not eligible for auto-proxying)
[INFO ][20240314 00:03:16,668][PostProcessorRegistrationDelegate$BeanPostProcessorChecker:330] Bean 'spring.datasource-org.springframework.boot.autoconfigure.jdbc.DataSourceProperties' of type [org.springframework.boot.autoconfigure.jdbc.DataSourceProperties] is not eligible for getting processed by all BeanPostProcessors (for example: not eligible for auto-proxying)
[INFO ][20240314 00:03:16,672][PostProcessorRegistrationDelegate$BeanPostProcessorChecker:330] Bean 'org.springframework.boot.autoconfigure.jdbc.DataSourceInitializerInvoker' of type [org.springframework.boot.autoconfigure.jdbc.DataSourceInitializerInvoker] is not eligible for getting processed by all BeanPostProcessors (for example: not eligible for auto-proxying)
[INFO ][20240314 00:03:17,146][DruidDataSource:721] {dataSource-1} inited
[INFO ][20240314 00:03:17,410][PostProcessorRegistrationDelegate$BeanPostProcessorChecker:330] Bean 'sqlSessionFactory' of type [org.apache.ibatis.session.defaults.DefaultSqlSessionFactory] is not eligible for getting processed by all BeanPostProcessors (for example: not eligible for auto-proxying)
[INFO ][20240314 00:03:17,414][PostProcessorRegistrationDelegate$BeanPostProcessorChecker:330] Bean 'sqlSessionTemplate' of type [org.mybatis.spring.SqlSessionTemplate] is not eligible for getting processed by all BeanPostProcessors (for example: not eligible for auto-proxying)
[INFO ][20240314 00:03:17,415][PostProcessorRegistrationDelegate$BeanPostProcessorChecker:330] Bean 'userMapper' of type [org.mybatis.spring.mapper.MapperFactoryBean] is not eligible for getting processed by all BeanPostProcessors (for example: not eligible for auto-proxying)
[INFO ][20240314 00:03:17,418][PostProcessorRegistrationDelegate$BeanPostProcessorChecker:330] Bean 'userMapper' of type [com.sun.proxy.$Proxy69] is not eligible for getting processed by all BeanPostProcessors (for example: not eligible for auto-proxying)
[INFO ][20240314 00:03:17,419][PostProcessorRegistrationDelegate$BeanPostProcessorChecker:330] Bean 'userServiceImpl' of type [com.jkoss.pmsdemo.system.service.impl.UserServiceImpl] is not eligible for getting processed by all BeanPostProcessors (for example: not eligible for auto-proxying)
[INFO ][20240314 00:03:17,452][PostProcessorRegistrationDelegate$BeanPostProcessorChecker:330] Bean 'permissionMapper' of type [org.mybatis.spring.mapper.MapperFactoryBean] is not eligible for getting processed by all BeanPostProcessors (for example: not eligible for auto-proxying)
[INFO ][20240314 00:03:17,454][PostProcessorRegistrationDelegate$BeanPostProcessorChecker:330] Bean 'permissionMapper' of type [com.sun.proxy.$Proxy70] is not eligible for getting processed by all BeanPostProcessors (for example: not eligible for auto-proxying)
[INFO ][20240314 00:03:17,454][PostProcessorRegistrationDelegate$BeanPostProcessorChecker:330] Bean 'permissionServiceImpl' of type [com.jkoss.pmsdemo.system.service.impl.PermissionServiceImpl] is not eligible for getting processed by all BeanPostProcessors (for example: not eligible for auto-proxying)
[INFO ][20240314 00:03:17,468][PostProcessorRegistrationDelegate$BeanPostProcessorChecker:330] Bean 'AuthRealm' of type [com.jkoss.pmsdemo.shiro.AuthRealm] is not eligible for getting processed by all BeanPostProcessors (for example: not eligible for auto-proxying)
[INFO ][20240314 00:03:17,480][PostProcessorRegistrationDelegate$BeanPostProcessorChecker:330] Bean 'securityManager' of type [org.apache.shiro.web.mgt.DefaultWebSecurityManager] is not eligible for getting processed by all BeanPostProcessors (for example: not eligible for auto-proxying)
[INFO ][20240314 00:03:17,486][PostProcessorRegistrationDelegate$BeanPostProcessorChecker:330] Bean 'org.apache.shiro.spring.security.interceptor.AuthorizationAttributeSourceAdvisor#0' of type [org.apache.shiro.spring.security.interceptor.AuthorizationAttributeSourceAdvisor] is not eligible for getting processed by all BeanPostProcessors (for example: not eligible for auto-proxying)
[INFO ][20240314 00:03:17,487][PostProcessorRegistrationDelegate$BeanPostProcessorChecker:330] Bean 'transactionAopConfig' of type [com.jkoss.pmsdemo.config.mybatis.TransactionAopConfig$$EnhancerBySpringCGLIB$$d204a34c] is not eligible for getting processed by all BeanPostProcessors (for example: not eligible for auto-proxying)
[INFO ][20240314 00:03:17,490][PostProcessorRegistrationDelegate$BeanPostProcessorChecker:330] Bean 'org.springframework.boot.autoconfigure.jdbc.DataSourceTransactionManagerAutoConfiguration$DataSourceTransactionManagerConfiguration' of type [org.springframework.boot.autoconfigure.jdbc.DataSourceTransactionManagerAutoConfiguration$DataSourceTransactionManagerConfiguration] is not eligible for getting processed by all BeanPostProcessors (for example: not eligible for auto-proxying)
[INFO ][20240314 00:03:17,493][PostProcessorRegistrationDelegate$BeanPostProcessorChecker:330] Bean 'org.springframework.boot.autoconfigure.transaction.TransactionAutoConfiguration' of type [org.springframework.boot.autoconfigure.transaction.TransactionAutoConfiguration] is not eligible for getting processed by all BeanPostProcessors (for example: not eligible for auto-proxying)
[INFO ][20240314 00:03:17,498][PostProcessorRegistrationDelegate$BeanPostProcessorChecker:330] Bean 'spring.transaction-org.springframework.boot.autoconfigure.transaction.TransactionProperties' of type [org.springframework.boot.autoconfigure.transaction.TransactionProperties] is not eligible for getting processed by all BeanPostProcessors (for example: not eligible for auto-proxying)
[INFO ][20240314 00:03:17,500][PostProcessorRegistrationDelegate$BeanPostProcessorChecker:330] Bean 'platformTransactionManagerCustomizers' of type [org.springframework.boot.autoconfigure.transaction.TransactionManagerCustomizers] is not eligible for getting processed by all BeanPostProcessors (for example: not eligible for auto-proxying)
[INFO ][20240314 00:03:17,505][PostProcessorRegistrationDelegate$BeanPostProcessorChecker:330] Bean 'transactionManager' of type [org.springframework.jdbc.datasource.DataSourceTransactionManager] is not eligible for getting processed by all BeanPostProcessors (for example: not eligible for auto-proxying)
[INFO ][20240314 00:03:17,514][PostProcessorRegistrationDelegate$BeanPostProcessorChecker:330] Bean 'txSource' of type [org.springframework.transaction.interceptor.NameMatchTransactionAttributeSource] is not eligible for getting processed by all BeanPostProcessors (for example: not eligible for auto-proxying)
[INFO ][20240314 00:03:17,516][PostProcessorRegistrationDelegate$BeanPostProcessorChecker:330] Bean 'txInterceptor' of type [org.springframework.transaction.interceptor.TransactionInterceptor] is not eligible for getting processed by all BeanPostProcessors (for example: not eligible for auto-proxying)
[INFO ][20240314 00:03:17,517][PostProcessorRegistrationDelegate$BeanPostProcessorChecker:330] Bean 'pointcutAdvisor' of type [org.springframework.aop.aspectj.AspectJExpressionPointcutAdvisor] is not eligible for getting processed by all BeanPostProcessors (for example: not eligible for auto-proxying)
[INFO ][20240314 00:03:17,884][TomcatWebServer:92] Tomcat initialized with port(s): 8081 (http)
[INFO ][20240314 00:03:19,269][ServletWebServerApplicationContext:284] Root WebApplicationContext: initialization completed in 4496 ms
[INFO ][20240314 00:03:19,746][ExecutorConfigurationSupport:171] Initializing ExecutorService 'applicationTaskExecutor'
[INFO ][20240314 00:03:19,857][WelcomePageHandlerMapping:58] Adding welcome page template: index
[INFO ][20240314 00:03:20,148][TomcatWebServer:204] Tomcat started on port(s): 8081 (http) with context path '/pmsdemo'
[INFO ][20240314 00:03:20,151][StartupInfoLogger:61] Started Application in 5.798 seconds (JVM running for 7.101)
[INFO ][20240314 00:04:01,353][FrameworkServlet:525] Initializing Servlet 'dispatcherServlet'
[INFO ][20240314 00:04:01,367][FrameworkServlet:547] Completed initialization in 14 ms
[INFO ][20240314 00:47:43,569][ExecutorConfigurationSupport:208] Shutting down ExecutorService 'applicationTaskExecutor'
[INFO ][20240314 00:47:43,577][DruidDataSource:1436] {dataSource-1} closed
